Initial commit: Repository setup Ping at: Thu May 22 22:44:13 UTC 2025
Ping at: Fri May 23 07:08:57 UTC 2025
Ping at: Fri May 23 17:12:59 UTC 2025
Ping at: Sat May 24 07:07:31 UTC 2025
Ping at: Sat May 24 17:11:07 UTC 2025
Ping at: Sun May 25 07:07:32 UTC 2025
Ping at: Sun May 25 17:10:59 UTC 2025
Ping at: Mon May 26 07:10:52 UTC 2025
Ping at: Mon May 26 17:12:04 UTC 2025
Ping at: Tue May 27 07:09:11 UTC 2025
Ping at: Tue May 27 17:12:53 UTC 2025
Ping at: Wed May 28 07:09:14 UTC 2025
Ping at: Wed May 28 17:12:58 UTC 2025
Ping at: Thu May 29 07:09:13 UTC 2025
Ping at: Thu May 29 17:12:38 UTC 2025
Ping at: Fri May 30 07:08:51 UTC 2025
Ping at: Fri May 30 17:12:25 UTC 2025
Ping at: Sat May 31 07:07:42 UTC 2025
Ping at: Sat May 31 17:11:25 UTC 2025
Ping at: Sun Jun  1 07:08:12 UTC 2025
Ping at: Sun Jun  1 17:11:43 UTC 2025
Ping at: Mon Jun  2 07:10:35 UTC 2025
Ping at: Mon Jun  2 17:13:21 UTC 2025
